[    2624ms] [WARNING] Ignoring Event: localhost @ http://localhost:3000/_next/static/chunks/979b6_next_dist_2a67324b._.js:2297
[   15265ms] [ERROR] WebSocket connection to 'ws://localhost:3000/_next/webpack-hmr?id=oWC_Jql6Bzp0vjBAo6Gyp' failed:  @ http://localhost:3000/_next/static/chunks/979b6_next_dist_client_8b3c0be4._.js:10878
[   16271ms] [ERROR] WebSocket connection to 'ws://localhost:3000/_next/webpack-hmr?id=oWC_Jql6Bzp0vjBAo6Gyp' failed: Error in connection establishment: net::ERR_CONNECTION_REFUSED @ http://localhost:3000/_next/static/chunks/979b6_next_dist_client_8b3c0be4._.js:10878
[   17274ms] [ERROR] WebSocket connection to 'ws://localhost:3000/_next/webpack-hmr?id=oWC_Jql6Bzp0vjBAo6Gyp' failed: Error in connection establishment: net::ERR_CONNECTION_REFUSED @ http://localhost:3000/_next/static/chunks/979b6_next_dist_client_8b3c0be4._.js:10878
[   18277ms] [ERROR] WebSocket connection to 'ws://localhost:3000/_next/webpack-hmr?id=oWC_Jql6Bzp0vjBAo6Gyp' failed: Error in connection establishment: net::ERR_CONNECTION_REFUSED @ http://localhost:3000/_next/static/chunks/979b6_next_dist_client_8b3c0be4._.js:10878
[   19280ms] [ERROR] WebSocket connection to 'ws://localhost:3000/_next/webpack-hmr?id=oWC_Jql6Bzp0vjBAo6Gyp' failed: Error in connection establishment: net::ERR_CONNECTION_REFUSED @ http://localhost:3000/_next/static/chunks/979b6_next_dist_client_8b3c0be4._.js:10878
[   20284ms] [ERROR] WebSocket connection to 'ws://localhost:3000/_next/webpack-hmr?id=oWC_Jql6Bzp0vjBAo6Gyp' failed: Error in connection establishment: net::ERR_CONNECTION_REFUSED @ http://localhost:3000/_next/static/chunks/979b6_next_dist_client_8b3c0be4._.js:10878
[   25293ms] [ERROR] WebSocket connection to 'ws://localhost:3000/_next/webpack-hmr?id=oWC_Jql6Bzp0vjBAo6Gyp' failed: Error in connection establishment: net::ERR_CONNECTION_REFUSED @ http://localhost:3000/_next/static/chunks/979b6_next_dist_client_8b3c0be4._.js:10878
[   30299ms] [ERROR] WebSocket connection to 'ws://localhost:3000/_next/webpack-hmr?id=oWC_Jql6Bzp0vjBAo6Gyp' failed: Error in connection establishment: net::ERR_CONNECTION_REFUSED @ http://localhost:3000/_next/static/chunks/979b6_next_dist_client_8b3c0be4._.js:10878
[   35314ms] [ERROR] WebSocket connection to 'ws://localhost:3000/_next/webpack-hmr?id=oWC_Jql6Bzp0vjBAo6Gyp' failed: Error in connection establishment: net::ERR_CONNECTION_REFUSED @ http://localhost:3000/_next/static/chunks/979b6_next_dist_client_8b3c0be4._.js:10878
[   40325ms] [ERROR] WebSocket connection to 'ws://localhost:3000/_next/webpack-hmr?id=oWC_Jql6Bzp0vjBAo6Gyp' failed: Error in connection establishment: net::ERR_CONNECTION_REFUSED @ http://localhost:3000/_next/static/chunks/979b6_next_dist_client_8b3c0be4._.js:10878
[   44099ms] [ERROR] Failed to load resource: net::ERR_CONNECTION_REFUSED @ http://localhost:3000/docs/getting-started?_rsc=3vkot:0
[   44100ms] [ERROR] Failed to fetch RSC payload for http://localhost:3000/docs/getting-started. Falling back to browser navigation. TypeError: Failed to fetch
    at createFetch (http://localhost:3000/_next/static/chunks/979b6_next_dist_client_8b3c0be4._.js:2588:24)
    at fetchServerResponse (http://localhost:3000/_next/static/chunks/979b6_next_dist_client_8b3c0be4._.js:2490:27)
    at navigateDynamicallyWithNoPrefetch (http://localhost:3000/_next/static/chunks/979b6_next_dist_client_8b3c0be4._.js:7943:90)
    at navigate (http://localhost:3000/_next/static/chunks/979b6_next_dist_client_8b3c0be4._.js:7728:15)
    at navigateReducer (http://localhost:3000/_next/static/chunks/979b6_next_dist_client_8b3c0be4._.js:8239:45)
    at clientReducer (http://localhost:3000/_next/static/chunks/979b6_next_dist_client_8b3c0be4._.js:9065:61)
    at Object.action (http://localhost:3000/_next/static/chunks/979b6_next_dist_client_8b3c0be4._.js:9310:55)
    at runAction (http://localhost:3000/_next/static/chunks/979b6_next_dist_client_8b3c0be4._.js:9215:38)
    at dispatchAction (http://localhost:3000/_next/static/chunks/979b6_next_dist_client_8b3c0be4._.js:9278:9)
    at Object.dispatch (http://localhost:3000/_next/static/chunks/979b6_next_dist_client_8b3c0be4._.js:9308:40)
    at http://localhost:3000/_next/static/chunks/979b6_next_dist_client_8b3c0be4._.js:1489:29
    at startTransition (http://localhost:3000/_next/static/chunks/979b6_next_dist_compiled_react-dom_60bd6cd5._.js:5500:31)
    at dispatch (http://localhost:3000/_next/static/chunks/979b6_next_dist_client_8b3c0be4._.js:1488:13)
    at dispatchAppRouterAction (http://localhost:3000/_next/static/chunks/979b6_next_dist_client_8b3c0be4._.js:1470:5)
    at dispatchNavigateAction (http://localhost:3000/_next/static/chunks/979b6_next_dist_client_8b3c0be4._.js:9362:49)
    at http://localhost:3000/_next/static/chunks/node_modules__pnpm_c2f8d478._.js:1165:13
    at Object.startTransition (http://localhost:3000/_next/static/chunks/979b6_next_dist_compiled_5e2c2655._.js:1279:31)
    at linkClicked (http://localhost:3000/_next/static/chunks/node_modules__pnpm_c2f8d478._.js:1164:24)
    at onClick (http://localhost:3000/_next/static/chunks/node_modules__pnpm_c2f8d478._.js:1405:13)
    at executeDispatch (http://localhost:3000/_next/static/chunks/979b6_next_dist_compiled_react-dom_60bd6cd5._.js:10314:13)
    at runWithFiberInDEV (http://localhost:3000/_next/static/chunks/979b6_next_dist_compiled_react-dom_60bd6cd5._.js:965:74)
    at processDispatchQueue (http://localhost:3000/_next/static/chunks/979b6_next_dist_compiled_react-dom_60bd6cd5._.js:10340:41)
    at http://localhost:3000/_next/static/chunks/979b6_next_dist_compiled_react-dom_60bd6cd5._.js:10615:13
    at batchedUpdates$1 (http://localhost:3000/_next/static/chunks/979b6_next_dist_compiled_react-dom_60bd6cd5._.js:2253:44)
    at dispatchEventForPluginEventSystem (http://localhost:3000/_next/static/chunks/979b6_next_dist_compiled_react-dom_60bd6cd5._.js:10416:9)
    at dispatchEvent (http://localhost:3000/_next/static/chunks/979b6_next_dist_compiled_react-dom_60bd6cd5._.js:12935:37)
    at dispatchDiscreteEvent (http://localhost:3000/_next/static/chunks/979b6_next_dist_compiled_react-dom_60bd6cd5._.js:12917:64) @ http://localhost:3000/_next/static/chunks/979b6_next_dist_2a67324b._.js:3127
[   44114ms] [ERROR] Failed to load resource: net::ERR_CONNECTION_REFUSED @ http://localhost:3000/__nextjs_font/geist-latin.woff2:0
[   44119ms] [ERROR] Failed to load resource: net::ERR_CONNECTION_REFUSED @ http://localhost:3000/__nextjs_original-stack-frames:0
